c:\users\18140\desktop\study\uiuc exchange\physics_animation\csc417-a3-finite-elements-3d\build\a3-finite-elements-3d.dir\release\find_min_vertices.obj
c:\users\18140\desktop\study\uiuc exchange\physics_animation\csc417-a3-finite-elements-3d\build\a3-finite-elements-3d.dir\release\psi_neo_hookean.obj
c:\users\18140\desktop\study\uiuc exchange\physics_animation\csc417-a3-finite-elements-3d\build\a3-finite-elements-3d.dir\release\pick_nearest_vertices.obj
c:\users\18140\desktop\study\uiuc exchange\physics_animation\csc417-a3-finite-elements-3d\build\a3-finite-elements-3d.dir\release\phi_linear_tetrahedron.obj
c:\users\18140\desktop\study\uiuc exchange\physics_animation\csc417-a3-finite-elements-3d\build\a3-finite-elements-3d.dir\release\mass_matrix_mesh.obj
c:\users\18140\desktop\study\uiuc exchange\physics_animation\csc417-a3-finite-elements-3d\build\a3-finite-elements-3d.dir\release\mass_matrix_linear_tetrahedron.obj
c:\users\18140\desktop\study\uiuc exchange\physics_animation\csc417-a3-finite-elements-3d\build\a3-finite-elements-3d.dir\release\fixed_point_constraints.obj
c:\users\18140\desktop\study\uiuc exchange\physics_animation\csc417-a3-finite-elements-3d\build\a3-finite-elements-3d.dir\release\dpsi_neo_hookean_df.obj
c:\users\18140\desktop\study\uiuc exchange\physics_animation\csc417-a3-finite-elements-3d\build\a3-finite-elements-3d.dir\release\dphi_linear_tetrahedron_dx.obj
c:\users\18140\desktop\study\uiuc exchange\physics_animation\csc417-a3-finite-elements-3d\build\a3-finite-elements-3d.dir\release\dv_spring_particle_particle_dq.obj
c:\users\18140\desktop\study\uiuc exchange\physics_animation\csc417-a3-finite-elements-3d\build\a3-finite-elements-3d.dir\release\dv_linear_tetrahedron_dq.obj
c:\users\18140\desktop\study\uiuc exchange\physics_animation\csc417-a3-finite-elements-3d\build\a3-finite-elements-3d.dir\release\d2psi_neo_hookean_df2.obj
c:\users\18140\desktop\study\uiuc exchange\physics_animation\csc417-a3-finite-elements-3d\build\a3-finite-elements-3d.dir\release\d2v_linear_tetrahedron_dq2.obj
c:\users\18140\desktop\study\uiuc exchange\physics_animation\csc417-a3-finite-elements-3d\build\a3-finite-elements-3d.dir\release\build_skinning_matrix.obj
c:\users\18140\desktop\study\uiuc exchange\physics_animation\csc417-a3-finite-elements-3d\build\a3-finite-elements-3d.dir\release\assemble_stiffness.obj
c:\users\18140\desktop\study\uiuc exchange\physics_animation\csc417-a3-finite-elements-3d\build\a3-finite-elements-3d.dir\release\assemble_forces.obj
c:\users\18140\desktop\study\uiuc exchange\physics_animation\csc417-a3-finite-elements-3d\build\a3-finite-elements-3d.dir\release\v_spring_particle_particle.obj
c:\users\18140\desktop\study\uiuc exchange\physics_animation\csc417-a3-finite-elements-3d\build\a3-finite-elements-3d.dir\release\v_linear_tetrahedron.obj
c:\users\18140\desktop\study\uiuc exchange\physics_animation\csc417-a3-finite-elements-3d\build\a3-finite-elements-3d.dir\release\t_linear_tetrahedron.obj
c:\users\18140\desktop\study\uiuc exchange\physics_animation\csc417-a3-finite-elements-3d\build\a3-finite-elements-3d.dir\release\main.obj
c:\users\18140\desktop\study\uiuc exchange\physics_animation\csc417-a3-finite-elements-3d\build\a3-finite-elements-3d.dir\release\visualization.obj
c:\users\18140\desktop\study\uiuc exchange\physics_animation\csc417-a3-finite-elements-3d\build\a3-finite-elements-3d.dir\release\read_tetgen.obj
c:\users\18140\desktop\study\uiuc exchange\physics_animation\csc417-a3-finite-elements-3d\build\a3-finite-elements-3d.dir\release\init_state.obj
c:\users\18140\desktop\study\uiuc exchange\physics_animation\csc417-a3-finite-elements-3d\build\cmakefiles\generate.stamp
c:\users\18140\desktop\study\uiuc exchange\physics_animation\csc417-a3-finite-elements-3d\build\release\a3-finite-elements-3d.exe
c:\users\18140\desktop\study\uiuc exchange\physics_animation\csc417-a3-finite-elements-3d\build\a3-finite-elements-3d.dir\release\a3-finit.44a6f744.tlog\cl.command.1.tlog
c:\users\18140\desktop\study\uiuc exchange\physics_animation\csc417-a3-finite-elements-3d\build\a3-finite-elements-3d.dir\release\a3-finit.44a6f744.tlog\cl.read.1.tlog
c:\users\18140\desktop\study\uiuc exchange\physics_animation\csc417-a3-finite-elements-3d\build\a3-finite-elements-3d.dir\release\a3-finit.44a6f744.tlog\cl.write.1.tlog
c:\users\18140\desktop\study\uiuc exchange\physics_animation\csc417-a3-finite-elements-3d\build\a3-finite-elements-3d.dir\release\a3-finit.44a6f744.tlog\custombuild.command.1.tlog
c:\users\18140\desktop\study\uiuc exchange\physics_animation\csc417-a3-finite-elements-3d\build\a3-finite-elements-3d.dir\release\a3-finit.44a6f744.tlog\custombuild.read.1.tlog
c:\users\18140\desktop\study\uiuc exchange\physics_animation\csc417-a3-finite-elements-3d\build\a3-finite-elements-3d.dir\release\a3-finit.44a6f744.tlog\custombuild.write.1.tlog
c:\users\18140\desktop\study\uiuc exchange\physics_animation\csc417-a3-finite-elements-3d\build\a3-finite-elements-3d.dir\release\a3-finit.44a6f744.tlog\link.command.1.tlog
c:\users\18140\desktop\study\uiuc exchange\physics_animation\csc417-a3-finite-elements-3d\build\a3-finite-elements-3d.dir\release\a3-finit.44a6f744.tlog\link.read.1.tlog
c:\users\18140\desktop\study\uiuc exchange\physics_animation\csc417-a3-finite-elements-3d\build\a3-finite-elements-3d.dir\release\a3-finit.44a6f744.tlog\link.write.1.tlog
