c:\users\18140\desktop\study\uiuc exchange\physics_animation\csc417-a3-finite-elements-3d\build\a3-finite-elements-3d.dir\debug\vc142.pdb
c:\users\18140\desktop\study\uiuc exchange\physics_animation\csc417-a3-finite-elements-3d\build\a3-finite-elements-3d.dir\debug\find_min_vertices.obj
c:\users\18140\desktop\study\uiuc exchange\physics_animation\csc417-a3-finite-elements-3d\build\a3-finite-elements-3d.dir\debug\psi_neo_hookean.obj
c:\users\18140\desktop\study\uiuc exchange\physics_animation\csc417-a3-finite-elements-3d\build\a3-finite-elements-3d.dir\debug\pick_nearest_vertices.obj
c:\users\18140\desktop\study\uiuc exchange\physics_animation\csc417-a3-finite-elements-3d\build\a3-finite-elements-3d.dir\debug\phi_linear_tetrahedron.obj
c:\users\18140\desktop\study\uiuc exchange\physics_animation\csc417-a3-finite-elements-3d\build\a3-finite-elements-3d.dir\debug\mass_matrix_mesh.obj
c:\users\18140\desktop\study\uiuc exchange\physics_animation\csc417-a3-finite-elements-3d\build\a3-finite-elements-3d.dir\debug\mass_matrix_linear_tetrahedron.obj
c:\users\18140\desktop\study\uiuc exchange\physics_animation\csc417-a3-finite-elements-3d\build\a3-finite-elements-3d.dir\debug\fixed_point_constraints.obj
c:\users\18140\desktop\study\uiuc exchange\physics_animation\csc417-a3-finite-elements-3d\build\a3-finite-elements-3d.dir\debug\dpsi_neo_hookean_df.obj
c:\users\18140\desktop\study\uiuc exchange\physics_animation\csc417-a3-finite-elements-3d\build\a3-finite-elements-3d.dir\debug\dphi_linear_tetrahedron_dx.obj
c:\users\18140\desktop\study\uiuc exchange\physics_animation\csc417-a3-finite-elements-3d\build\a3-finite-elements-3d.dir\debug\dv_spring_particle_particle_dq.obj
c:\users\18140\desktop\study\uiuc exchange\physics_animation\csc417-a3-finite-elements-3d\build\a3-finite-elements-3d.dir\debug\d2psi_neo_hookean_df2.obj
c:\users\18140\desktop\study\uiuc exchange\physics_animation\csc417-a3-finite-elements-3d\build\a3-finite-elements-3d.dir\debug\d2v_linear_tetrahedron_dq2.obj
c:\users\18140\desktop\study\uiuc exchange\physics_animation\csc417-a3-finite-elements-3d\build\a3-finite-elements-3d.dir\debug\build_skinning_matrix.obj
c:\users\18140\desktop\study\uiuc exchange\physics_animation\csc417-a3-finite-elements-3d\build\a3-finite-elements-3d.dir\debug\assemble_stiffness.obj
c:\users\18140\desktop\study\uiuc exchange\physics_animation\csc417-a3-finite-elements-3d\build\a3-finite-elements-3d.dir\debug\assemble_forces.obj
c:\users\18140\desktop\study\uiuc exchange\physics_animation\csc417-a3-finite-elements-3d\build\a3-finite-elements-3d.dir\debug\v_spring_particle_particle.obj
c:\users\18140\desktop\study\uiuc exchange\physics_animation\csc417-a3-finite-elements-3d\build\a3-finite-elements-3d.dir\debug\v_linear_tetrahedron.obj
c:\users\18140\desktop\study\uiuc exchange\physics_animation\csc417-a3-finite-elements-3d\build\a3-finite-elements-3d.dir\debug\t_linear_tetrahedron.obj
c:\users\18140\desktop\study\uiuc exchange\physics_animation\csc417-a3-finite-elements-3d\build\a3-finite-elements-3d.dir\debug\main.obj
c:\users\18140\desktop\study\uiuc exchange\physics_animation\csc417-a3-finite-elements-3d\build\a3-finite-elements-3d.dir\debug\visualization.obj
c:\users\18140\desktop\study\uiuc exchange\physics_animation\csc417-a3-finite-elements-3d\build\a3-finite-elements-3d.dir\debug\read_tetgen.obj
c:\users\18140\desktop\study\uiuc exchange\physics_animation\csc417-a3-finite-elements-3d\build\a3-finite-elements-3d.dir\debug\init_state.obj
c:\users\18140\desktop\study\uiuc exchange\physics_animation\csc417-a3-finite-elements-3d\build\cmakefiles\generate.stamp
c:\users\18140\desktop\study\uiuc exchange\physics_animation\csc417-a3-finite-elements-3d\build\a3-finite-elements-3d.dir\debug\a3-finit.44a6f744.tlog\cl.command.1.tlog
c:\users\18140\desktop\study\uiuc exchange\physics_animation\csc417-a3-finite-elements-3d\build\a3-finite-elements-3d.dir\debug\a3-finit.44a6f744.tlog\cl.read.1.tlog
c:\users\18140\desktop\study\uiuc exchange\physics_animation\csc417-a3-finite-elements-3d\build\a3-finite-elements-3d.dir\debug\a3-finit.44a6f744.tlog\cl.write.1.tlog
c:\users\18140\desktop\study\uiuc exchange\physics_animation\csc417-a3-finite-elements-3d\build\a3-finite-elements-3d.dir\debug\a3-finit.44a6f744.tlog\custombuild.command.1.tlog
c:\users\18140\desktop\study\uiuc exchange\physics_animation\csc417-a3-finite-elements-3d\build\a3-finite-elements-3d.dir\debug\a3-finit.44a6f744.tlog\custombuild.read.1.tlog
c:\users\18140\desktop\study\uiuc exchange\physics_animation\csc417-a3-finite-elements-3d\build\a3-finite-elements-3d.dir\debug\a3-finit.44a6f744.tlog\custombuild.write.1.tlog
